<?xml version="1.0" encoding="UTF-8" ?>
<testsuite tests="1" failures="0" name="com.org.learmaven.ApplyAsDeveloperTest" time="12.089" errors="1" skipped="0">
  <properties>
[...]
</properties>
  <testcase classname="com.org.learmaven.ApplyAsDeveloperTest" name="applyAsDeveloper" time="12.089">
    <error message="java.lang.NullPointerException" type="java.lang.RuntimeException">java.lang.RuntimeException: java.lang.NullPointerException
	at ru.yandex.qatools.ashot.util.InnerScript.execute(InnerScript.java:32)
	at ru.yandex.qatools.ashot.shooting.ViewportPastingDecorator.getFullHeight(ViewportPastingDecorator.java:67)
	at ru.yandex.qatools.ashot.shooting.ViewportPastingDecorator.getScreenshot(ViewportPastingDecorator.java:41)
	at ru.yandex.qatools.ashot.shooting.ViewportPastingDecorator.getScreenshot(ViewportPastingDecorator.java:35)
	at ru.yandex.qatools.ashot.AShot.takeScreenshot(AShot.java:145)
	at com.org.learmaven.scs.fs(scs.java:31)
	at com.org.learmaven.ApplyAsDeveloperTest.applyAsDeveloper(ApplyAsDeveloperTest.java:86)
	at sun.reflect.NativeMethodAccessorImpl.invoke0(Native Method)
	at sun.reflect.NativeMethodAccessorImpl.invoke(NativeMethodAccessorImpl.java:62)
	at sun.reflect.DelegatingMethodAccessorImpl.invoke(DelegatingMethodAccessorImpl.java:43)
	at java.lang.reflect.Method.invoke(Method.java:498)
	at org.junit.runners.model.FrameworkMethod$1.runReflectiveCall(FrameworkMethod.java:50)
	at org.junit.internal.runners.model.ReflectiveCallable.run(ReflectiveCallable.java:12)
	at org.junit.runners.model.FrameworkMethod.invokeExplosively(FrameworkMethod.java:47)
	at org.junit.internal.runners.statements.InvokeMethod.evaluate(InvokeMethod.java:17)
	at org.junit.internal.runners.statements.RunBefores.evaluate(RunBefores.java:26)
	at org.junit.internal.runners.statements.RunAfters.evaluate(RunAfters.java:27)
	at org.junit.runners.ParentRunner.runLeaf(ParentRunner.java:325)
	at org.junit.runners.BlockJUnit4ClassRunner.runChild(BlockJUnit4ClassRunner.java:78)
	at org.junit.runners.BlockJUnit4ClassRunner.runChild(BlockJUnit4ClassRunner.java:57)
	at org.junit.runners.ParentRunner$3.run(ParentRunner.java:290)
	at org.junit.runners.ParentRunner$1.schedule(ParentRunner.java:71)
	at org.junit.runners.ParentRunner.runChildren(ParentRunner.java:288)
	at org.junit.runners.ParentRunner.access$000(ParentRunner.java:58)
	at org.junit.runners.ParentRunner$2.evaluate(ParentRunner.java:268)
	at org.junit.internal.runners.statements.RunBefores.evaluate(RunBefores.java:26)
	at org.junit.internal.runners.statements.RunAfters.evaluate(RunAfters.java:27)
	at org.junit.runners.ParentRunner.run(ParentRunner.java:363)
	at org.apache.maven.surefire.junit4.JUnit4Provider.execute(JUnit4Provider.java:252)
	at org.apache.maven.surefire.junit4.JUnit4Provider.executeTestSet(JUnit4Provider.java:141)
	at org.apache.maven.surefire.junit4.JUnit4Provider.invoke(JUnit4Provider.java:112)
	at sun.reflect.NativeMethodAccessorImpl.invoke0(Native Method)
	at sun.reflect.NativeMethodAccessorImpl.invoke(NativeMethodAccessorImpl.java:62)
	at sun.reflect.DelegatingMethodAccessorImpl.invoke(DelegatingMethodAccessorImpl.java:43)
	at java.lang.reflect.Method.invoke(Method.java:498)
	at org.apache.maven.surefire.util.ReflectionUtils.invokeMethodWithArray(ReflectionUtils.java:189)
	at org.apache.maven.surefire.booter.ProviderFactory$ProviderProxy.invoke(ProviderFactory.java:165)
	at org.apache.maven.surefire.booter.ProviderFactory.invokeProvider(ProviderFactory.java:85)
	at org.apache.maven.surefire.booter.ForkedBooter.runSuitesInProcess(ForkedBooter.java:115)
	at org.apache.maven.surefire.booter.ForkedBooter.main(ForkedBooter.java:75)
Caused by: java.lang.NullPointerException
	at ru.yandex.qatools.ashot.util.InnerScript.execute(InnerScript.java:30)
	... 39 more
</error>
    <system-out>fieName=UserName_ED
fieldName1=UserName_ED

[ACCTYPE, UserName_ED, Pard_ED, CITY, ACCTYPE, GEN]
6
0
data=ACCTYPE
dataVal=A
1
data=UserName_ED
dataVal=sdaf
passed
1
testData=UserName_ED
sdaf
testValue=sdaf
2
data=Pard_ED
dataVal=dafalkknkn
3
data=CITY
dataVal=b
4
data=ACCTYPE
dataVal=A
5
data=GEN
dataVal=F
testString=sdaf
fval=sdaf
fieName=Pard_ED
fieldName1=Pard_ED

[ACCTYPE, UserName_ED, Pard_ED, CITY, ACCTYPE, GEN]
6
0
data=ACCTYPE
dataVal=A
1
data=UserName_ED
dataVal=sdaf
2
data=Pard_ED
dataVal=dafalkknkn
passed
2
testData=Pard_ED
dafalkknkn
testValue=dafalkknkn
3
data=CITY
dataVal=b
4
data=ACCTYPE
dataVal=A
5
data=GEN
dataVal=F
testString=dafalkknkn
fval=dafalkknkn
</system-out>
    <system-err>Starting ChromeDriver 2.31.488763 (092de99f48a300323ecf8c2a4e2e7cab51de5ba8) on port 11150
Only local connections are allowed.
Sep 20, 2017 10:07:41 PM org.openqa.selenium.remote.ProtocolHandshake createSession
INFO: Detected dialect: OSS
</system-err>
  </testcase>
</testsuite>